<?xml version="1.0" encoding="UTF-8"?>
<!-- Generated by org.testng.reporters.JUnitXMLReporter -->
<testsuite hostname="DESKTOP-M55NBGM" ignored="0" name="Default test" tests="3" failures="0" timestamp="02 Jan 2020 09:13:43 GMT" time="55.064" errors="0">
  <testcase name="verifylogin" time="3.026" classname="App.page.Dataprovider"/>
  <testcase name="verifylogin" time="2.488" classname="App.page.Dataprovider"/>
  <testcase name="verifylogin" time="1.45" classname="App.page.Dataprovider"/>
</testsuite> <!-- Default test -->
