<?xml version="1.0" encoding="UTF-8"?>
<testng-results skipped="0" failed="0" ignored="0" total="3" passed="3">
  <reporter-output>
  </reporter-output>
  <suite name="Default suite" duration-ms="55064" started-at="2020-01-02T09:12:47Z" finished-at="2020-01-02T09:13:42Z">
    <groups>
    </groups>
    <test name="Default test" duration-ms="55064" started-at="2020-01-02T09:12:47Z" finished-at="2020-01-02T09:13:42Z">
      <class name="App.page.Dataprovider">
        <test-method status="PASS" signature="lanch()[pri:0, instance:App.page.Dataprovider@51081592]" name="lanch" is-config="true" duration-ms="15875" started-at="2020-01-02T09:12:47Z" finished-at="2020-01-02T09:13:03Z">
          <reporter-output>
          </reporter-output>
        </test-method> <!-- lanch -->
        <test-method status="PASS" signature="verifylogin(java.lang.String, java.lang.String)[pri:0, instance:App.page.Dataprovider@51081592]" name="verifylogin" duration-ms="3026" started-at="2020-01-02T09:13:03Z" data-provider="verifylogin" finished-at="2020-01-02T09:13:06Z">
          <params>
            <param index="0">
              <value>
                <![CDATA[Admin]]>
              </value>
            </param>
            <param index="1">
              <value>
                <![CDATA[admin123]]>
              </value>
            </param>
          </params>
          <reporter-output>
          </reporter-output>
        </test-method> <!-- verifylogin -->
        <test-method status="PASS" signature="lanch()[pri:0, instance:App.page.Dataprovider@51081592]" name="lanch" is-config="true" duration-ms="15010" started-at="2020-01-02T09:13:06Z" finished-at="2020-01-02T09:13:21Z">
          <reporter-output>
          </reporter-output>
        </test-method> <!-- lanch -->
        <test-method status="PASS" signature="verifylogin(java.lang.String, java.lang.String)[pri:0, instance:App.page.Dataprovider@51081592]" name="verifylogin" duration-ms="2488" started-at="2020-01-02T09:13:21Z" data-provider="verifylogin" finished-at="2020-01-02T09:13:23Z">
          <params>
            <param index="0">
              <value>
                <![CDATA[Akila]]>
              </value>
            </param>
            <param index="1">
              <value>
                <![CDATA[akila123]]>
              </value>
            </param>
          </params>
          <reporter-output>
          </reporter-output>
        </test-method> <!-- verifylogin -->
        <test-method status="PASS" signature="lanch()[pri:0, instance:App.page.Dataprovider@51081592]" name="lanch" is-config="true" duration-ms="17047" started-at="2020-01-02T09:13:23Z" finished-at="2020-01-02T09:13:40Z">
          <reporter-output>
          </reporter-output>
        </test-method> <!-- lanch -->
        <test-method status="PASS" signature="verifylogin(java.lang.String, java.lang.String)[pri:0, instance:App.page.Dataprovider@51081592]" name="verifylogin" duration-ms="1450" started-at="2020-01-02T09:13:40Z" data-provider="verifylogin" finished-at="2020-01-02T09:13:42Z">
          <params>
            <param index="0">
              <value>
                <![CDATA[hello]]>
              </value>
            </param>
            <param index="1">
              <value>
                <![CDATA[hello123]]>
              </value>
            </param>
          </params>
          <reporter-output>
          </reporter-output>
        </test-method> <!-- verifylogin -->
      </class> <!-- App.page.Dataprovider -->
    </test> <!-- Default test -->
  </suite> <!-- Default suite -->
</testng-results>
